The system is: Windows - 10.0.19045 - AMD64
Compiling the C compiler identification source file "CMakeCCompilerId.c" succeeded.
Compiler: C:/Program Files (x86)/Microsoft Visual Studio/2022/BuildTools/VC/Tools/MSVC/14.35.32215/bin/Hostx86/x86/cl.exe 
Build flags: 
Id flags:  

The output was:
0
Microsoft (R) C/C++ Optimizing Compiler Version 19.35.32215 for x86
Copyright (C) Microsoft Corporation.  All rights reserved.

CMakeCCompilerId.c
Microsoft (R) Incremental Linker Version 14.35.32215.0
Copyright (C) Microsoft Corporation.  All rights reserved.

/out:CMakeCCompilerId.exe 
CMakeCCompilerId.obj 


Compilation of the C compiler identification source "CMakeCCompilerId.c" produced "CMakeCCompilerId.exe"

Compilation of the C compiler identification source "CMakeCCompilerId.c" produced "CMakeCCompilerId.obj"

The C compiler identification is MSVC, found in "C:/DavidZaha/Programming/Github/EEGLES_Firmware/TalonFirmware/build/elf2uf2/CMakeFiles/3.25.2/CompilerIdC/CMakeCCompilerId.exe"

Compiling the CXX compiler identification source file "CMakeCXXCompilerId.cpp" succeeded.
Compiler: C:/Program Files (x86)/Microsoft Visual Studio/2022/BuildTools/VC/Tools/MSVC/14.35.32215/bin/Hostx86/x86/cl.exe 
Build flags: 
Id flags:  

The output was:
0
Microsoft (R) C/C++ Optimizing Compiler Version 19.35.32215 for x86
Copyright (C) Microsoft Corporation.  All rights reserved.

CMakeCXXCompilerId.cpp
Microsoft (R) Incremental Linker Version 14.35.32215.0
Copyright (C) Microsoft Corporation.  All rights reserved.

/out:CMakeCXXCompilerId.exe 
CMakeCXXCompilerId.obj 


Compilation of the CXX compiler identification source "CMakeCXXCompilerId.cpp" produced "CMakeCXXCompilerId.exe"

Compilation of the CXX compiler identification source "CMakeCXXCompilerId.cpp" produced "CMakeCXXCompilerId.obj"

The CXX compiler identification is MSVC, found in "C:/DavidZaha/Programming/Github/EEGLES_Firmware/TalonFirmware/build/elf2uf2/CMakeFiles/3.25.2/CompilerIdCXX/CMakeCXXCompilerId.exe"

Detecting C compiler ABI info compiled with the following output:
Change Dir: C:/DavidZaha/Programming/Github/EEGLES_Firmware/TalonFirmware/build/elf2uf2/CMakeFiles/CMakeScratch/TryCompile-r9awt9

Run Build Command(s):nmake -f Makefile /nologo cmTC_6196b\fast && 	"C:\Program Files (x86)\Microsoft Visual Studio\2022\BuildTools\VC\Tools\MSVC\14.35.32215\bin\HostX86\x86\nmake.exe"  -f CMakeFiles\cmTC_6196b.dir\build.make /nologo -L                  CMakeFiles\cmTC_6196b.dir\build
Building C object CMakeFiles/cmTC_6196b.dir/CMakeCCompilerABI.c.obj
	"C:\Program Files\CMake\bin\cmake.exe" -E cmake_cl_compile_depends --dep-file=CMakeFiles\cmTC_6196b.dir\CMakeCCompilerABI.c.obj.d --working-dir=C:\DavidZaha\Programming\Github\EEGLES_Firmware\TalonFirmware\build\elf2uf2\CMakeFiles\CMakeScratch\TryCompile-r9awt9 --filter-prefix="Note: including file: " -- "C:\PROGRA~2\Microsoft Visual Studio\2022\BuildTools\VC\Tools\MSVC\14.35.32215\bin\Hostx86\x86\cl.exe" @C:\Users\DAVIDZ~1\AppData\Local\Temp\nm2A7.tmp
CMakeCCompilerABI.c
Linking C executable cmTC_6196b.exe
	"C:\Program Files\CMake\bin\cmake.exe" -E vs_link_exe --intdir=CMakeFiles\cmTC_6196b.dir --rc="C:\PROGRA~2\Windows Kits\10\bin\10.0.20348.0\x86\rc.exe" --mt="C:\PROGRA~2\Windows Kits\10\bin\10.0.20348.0\x86\mt.exe" --manifests -- "C:\PROGRA~2\Microsoft Visual Studio\2022\BuildTools\VC\Tools\MSVC\14.35.32215\bin\Hostx86\x86\link.exe" /nologo @CMakeFiles\cmTC_6196b.dir\objects1 @C:\Users\DAVIDZ~1\AppData\Local\Temp\nm41F.tmp



Detecting CXX compiler ABI info compiled with the following output:
Change Dir: C:/DavidZaha/Programming/Github/EEGLES_Firmware/TalonFirmware/build/elf2uf2/CMakeFiles/CMakeScratch/TryCompile-tfczaf

Run Build Command(s):nmake -f Makefile /nologo cmTC_1b296\fast && 	"C:\Program Files (x86)\Microsoft Visual Studio\2022\BuildTools\VC\Tools\MSVC\14.35.32215\bin\HostX86\x86\nmake.exe"  -f CMakeFiles\cmTC_1b296.dir\build.make /nologo -L                  CMakeFiles\cmTC_1b296.dir\build
Building CXX object CMakeFiles/cmTC_1b296.dir/CMakeCXXCompilerABI.cpp.obj
	"C:\Program Files\CMake\bin\cmake.exe" -E cmake_cl_compile_depends --dep-file=CMakeFiles\cmTC_1b296.dir\CMakeCXXCompilerABI.cpp.obj.d --working-dir=C:\DavidZaha\Programming\Github\EEGLES_Firmware\TalonFirmware\build\elf2uf2\CMakeFiles\CMakeScratch\TryCompile-tfczaf --filter-prefix="Note: including file: " -- "C:\PROGRA~2\Microsoft Visual Studio\2022\BuildTools\VC\Tools\MSVC\14.35.32215\bin\Hostx86\x86\cl.exe" @C:\Users\DAVIDZ~1\AppData\Local\Temp\nm670.tmp
CMakeCXXCompilerABI.cpp
Linking CXX executable cmTC_1b296.exe
	"C:\Program Files\CMake\bin\cmake.exe" -E vs_link_exe --intdir=CMakeFiles\cmTC_1b296.dir --rc="C:\PROGRA~2\Windows Kits\10\bin\10.0.20348.0\x86\rc.exe" --mt="C:\PROGRA~2\Windows Kits\10\bin\10.0.20348.0\x86\mt.exe" --manifests -- "C:\PROGRA~2\Microsoft Visual Studio\2022\BuildTools\VC\Tools\MSVC\14.35.32215\bin\Hostx86\x86\link.exe" /nologo @CMakeFiles\cmTC_1b296.dir\objects1 @C:\Users\DAVIDZ~1\AppData\Local\Temp\nm6CE.tmp



